# JRE version: Java(TM) SE Runtime Environment (8.0_171-b11) (build 1.8.0_171-b11)
# Java VM: Java HotSpot(TM) Client VM (25.171-b11 mixed mode windows-x86 )
Heap:
 def new generation   total 4928K, used 4037K [0x03a00000, 0x03f50000, 0x08f50000)
  eden space 4416K,  85% used [0x03a00000, 0x03db2550, 0x03e50000)
  from space 512K,  49% used [0x03e50000, 0x03e8f278, 0x03ed0000)
  to   space 512K,   0% used [0x03ed0000, 0x03ed0000, 0x03f50000)
 tenured generation   total 10944K, used 2894K [0x08f50000, 0x09a00000, 0x13a00000)
   the space 10944K,  26% used [0x08f50000, 0x09223850, 0x09223a00, 0x09a00000)
 Metaspace       used 8465K, capacity 8974K, committed 9088K, reserved 9600K
GC Heap History (10 events):
Event: 0.467 GC heap before
{Heap before GC invocations=1 (full 0):
 def new generation   total 4928K, used 4914K [0x03a00000, 0x03f50000, 0x08f50000)
  eden space 4416K,  99% used [0x03a00000, 0x03e4c898, 0x03e50000)
  from space 512K, 100% used [0x03ed0000, 0x03f50000, 0x03f50000)
  to   space 512K,   0% used [0x03e50000, 0x03e50000, 0x03ed0000)
 tenured generation   total 10944K, used 213K [0x08f50000, 0x09a00000, 0x13a00000)
   the space 10944K,   1% used [0x08f50000, 0x08f85488, 0x08f85600, 0x09a00000)
 Metaspace       used 4475K, capacity 4737K, committed 4864K, reserved 5504K
Event: 0.471 GC heap after
Heap after GC invocations=2 (full 0):
 def new generation   total 4928K, used 249K [0x03a00000, 0x03f50000, 0x08f50000)
  eden space 4416K,   0% used [0x03a00000, 0x03a00000, 0x03e50000)
  from space 512K,  48% used [0x03e50000, 0x03e8e7a0, 0x03ed0000)
  to   space 512K,   0% used [0x03ed0000, 0x03ed0000, 0x03f50000)
 tenured generation   total 10944K, used 1150K [0x08f50000, 0x09a00000, 0x13a00000)
   the space 10944K,  10% used [0x08f50000, 0x0906fa98, 0x0906fc00, 0x09a00000)
 Metaspace       used 4475K, capacity 4737K, committed 4864K, reserved 5504K
}
Event: 0.605 GC heap before
{Heap before GC invocations=2 (full 0):
 def new generation   total 4928K, used 4660K [0x03a00000, 0x03f50000, 0x08f50000)
  eden space 4416K,  99% used [0x03a00000, 0x03e4e928, 0x03e50000)
  from space 512K,  48% used [0x03e50000, 0x03e8e7a0, 0x03ed0000)
  to   space 512K,   0% used [0x03ed0000, 0x03ed0000, 0x03f50000)
 tenured generation   total 10944K, used 1150K [0x08f50000, 0x09a00000, 0x13a00000)
   the space 10944K,  10% used [0x08f50000, 0x0906fa98, 0x0906fc00, 0x09a00000)
 Metaspace       used 5456K, capacity 5740K, committed 5760K, reserved 6528K
Event: 0.608 GC heap after
Heap after GC invocations=3 (full 0):
 def new generation   total 4928K, used 511K [0x03a00000, 0x03f50000, 0x08f50000)
  eden space 4416K,   0% used [0x03a00000, 0x03a00000, 0x03e50000)
  from space 512K,  99% used [0x03ed0000, 0x03f4fff8, 0x03f50000)
  to   space 512K,   0% used [0x03e50000, 0x03e50000, 0x03ed0000)
 tenured generation   total 10944K, used 1660K [0x08f50000, 0x09a00000, 0x13a00000)
   the space 10944K,  15% used [0x08f50000, 0x090ef330, 0x090ef400, 0x09a00000)
 Metaspace       used 5456K, capacity 5740K, committed 5760K, reserved 6528K
}
Event: 0.784 GC heap before
{Heap before GC invocations=3 (full 0):
 def new generation   total 4928K, used 4927K [0x03a00000, 0x03f50000, 0x08f50000)
  eden space 4416K, 100% used [0x03a00000, 0x03e50000, 0x03e50000)
  from space 512K,  99% used [0x03ed0000, 0x03f4fff8, 0x03f50000)
  to   space 512K,   0% used [0x03e50000, 0x03e50000, 0x03ed0000)
 tenured generation   total 10944K, used 1660K [0x08f50000, 0x09a00000, 0x13a00000)
   the space 10944K,  15% used [0x08f50000, 0x090ef330, 0x090ef400, 0x09a00000)
 Metaspace       used 6540K, capacity 6945K, committed 7040K, reserved 7552K
Event: 0.788 GC heap after
Heap after GC invocations=4 (full 0):
 def new generation   total 4928K, used 510K [0x03a00000, 0x03f50000, 0x08f50000)
  eden space 4416K,   0% used [0x03a00000, 0x03a00000, 0x03e50000)
  from space 512K,  99% used [0x03e50000, 0x03ecf948, 0x03ed0000)
  to   space 512K,   0% used [0x03ed0000, 0x03ed0000, 0x03f50000)
 tenured generation   total 10944K, used 2149K [0x08f50000, 0x09a00000, 0x13a00000)
   the space 10944K,  19% used [0x08f50000, 0x091697b8, 0x09169800, 0x09a00000)
 Metaspace       used 6540K, capacity 6945K, committed 7040K, reserved 7552K
}
Event: 1.029 GC heap before
{Heap before GC invocations=4 (full 0):
 def new generation   total 4928K, used 4926K [0x03a00000, 0x03f50000, 0x08f50000)
  eden space 4416K, 100% used [0x03a00000, 0x03e50000, 0x03e50000)
  from space 512K,  99% used [0x03e50000, 0x03ecf948, 0x03ed0000)
  to   space 512K,   0% used [0x03ed0000, 0x03ed0000, 0x03f50000)
 tenured generation   total 10944K, used 2149K [0x08f50000, 0x09a00000, 0x13a00000)
   the space 10944K,  19% used [0x08f50000, 0x091697b8, 0x09169800, 0x09a00000)
 Metaspace       used 7661K, capacity 8121K, committed 8192K, reserved 8576K
Event: 1.032 GC heap after
Heap after GC invocations=5 (full 0):
 def new generation   total 4928K, used 301K [0x03a00000, 0x03f50000, 0x08f50000)
  eden space 4416K,   0% used [0x03a00000, 0x03a00000, 0x03e50000)
  from space 512K,  58% used [0x03ed0000, 0x03f1b6e8, 0x03f50000)
  to   space 512K,   0% used [0x03e50000, 0x03e50000, 0x03ed0000)
 tenured generation   total 10944K, used 2622K [0x08f50000, 0x09a00000, 0x13a00000)
   the space 10944K,  23% used [0x08f50000, 0x091dfad0, 0x091dfc00, 0x09a00000)
 Metaspace       used 7661K, capacity 8121K, committed 8192K, reserved 8576K
}
Event: 1.163 GC heap before
{Heap before GC invocations=5 (full 0):
 def new generation   total 4928K, used 2714K [0x03a00000, 0x03f50000, 0x08f50000)
  eden space 4416K,  54% used [0x03a00000, 0x03c5b3a8, 0x03e50000)
  from space 512K,  58% used [0x03ed0000, 0x03f1b6e8, 0x03f50000)
  to   space 512K,   0% used [0x03e50000, 0x03e50000, 0x03ed0000)
 tenured generation   total 10944K, used 2622K [0x08f50000, 0x09a00000, 0x13a00000)
   the space 10944K,  23% used [0x08f50000, 0x091dfad0, 0x091dfc00, 0x09a00000)
 Metaspace       used 8338K, capacity 8844K, committed 8960K, reserved 9600K
Event: 1.167 GC heap after
Heap after GC invocations=6 (full 0):
 def new generation   total 4928K, used 252K [0x03a00000, 0x03f50000, 0x08f50000)
  eden space 4416K,   0% used [0x03a00000, 0x03a00000, 0x03e50000)
  from space 512K,  49% used [0x03e50000, 0x03e8f278, 0x03ed0000)
  to   space 512K,   0% used [0x03ed0000, 0x03ed0000, 0x03f50000)
 tenured generation   total 10944K, used 2894K [0x08f50000, 0x09a00000, 0x13a00000)
   the space 10944K,  26% used [0x08f50000, 0x09223850, 0x09223a00, 0x09a00000)
 Metaspace       used 8338K, capacity 8844K, committed 8960K, reserved 9600K
}

