# JRE version: Java(TM) SE Runtime Environment (8.0_171-b11) (build 1.8.0_171-b11)
# Java VM: Java HotSpot(TM) Client VM (25.171-b11 mixed mode windows-x86 )
Heap:
 def new generation   total 4928K, used 472K [0x03800000, 0x03d50000, 0x08d50000)
  eden space 4416K,   7% used [0x03800000, 0x0384f120, 0x03c50000)
  from space 512K,  30% used [0x03cd0000, 0x03cf6ef0, 0x03d50000)
  to   space 512K,   0% used [0x03c50000, 0x03c50000, 0x03cd0000)
 tenured generation   total 10944K, used 6895K [0x08d50000, 0x09800000, 0x13800000)
   the space 10944K,  63% used [0x08d50000, 0x0940bd50, 0x0940be00, 0x09800000)
 Metaspace       used 8966K, capacity 9544K, committed 9600K, reserved 9600K
GC Heap History (10 events):
Event: 1.610 GC heap before
{Heap before GC invocations=4 (full 0):
 def new generation   total 4928K, used 4922K [0x03800000, 0x03d50000, 0x08d50000)
  eden space 4416K, 100% used [0x03800000, 0x03c50000, 0x03c50000)
  from space 512K,  98% used [0x03c50000, 0x03cce9b8, 0x03cd0000)
  to   space 512K,   0% used [0x03cd0000, 0x03cd0000, 0x03d50000)
 tenured generation   total 10944K, used 2175K [0x08d50000, 0x09800000, 0x13800000)
   the space 10944K,  19% used [0x08d50000, 0x08f6ffa8, 0x08f70000, 0x09800000)
 Metaspace       used 7669K, capacity 8121K, committed 8192K, reserved 8576K
Event: 1.614 GC heap after
Heap after GC invocations=5 (full 0):
 def new generation   total 4928K, used 302K [0x03800000, 0x03d50000, 0x08d50000)
  eden space 4416K,   0% used [0x03800000, 0x03800000, 0x03c50000)
  from space 512K,  59% used [0x03cd0000, 0x03d1ba18, 0x03d50000)
  to   space 512K,   0% used [0x03c50000, 0x03c50000, 0x03cd0000)
 tenured generation   total 10944K, used 2628K [0x08d50000, 0x09800000, 0x13800000)
   the space 10944K,  24% used [0x08d50000, 0x08fe12d0, 0x08fe1400, 0x09800000)
 Metaspace       used 7669K, capacity 8121K, committed 8192K, reserved 8576K
}
Event: 1.764 GC heap before
{Heap before GC invocations=5 (full 0):
 def new generation   total 4928K, used 2708K [0x03800000, 0x03d50000, 0x08d50000)
  eden space 4416K,  54% used [0x03800000, 0x03a598f0, 0x03c50000)
  from space 512K,  59% used [0x03cd0000, 0x03d1ba18, 0x03d50000)
  to   space 512K,   0% used [0x03c50000, 0x03c50000, 0x03cd0000)
 tenured generation   total 10944K, used 2628K [0x08d50000, 0x09800000, 0x13800000)
   the space 10944K,  24% used [0x08d50000, 0x08fe12d0, 0x08fe1400, 0x09800000)
 Metaspace       used 8372K, capacity 8881K, committed 8960K, reserved 9600K
Event: 1.768 GC heap after
Heap after GC invocations=6 (full 0):
 def new generation   total 4928K, used 256K [0x03800000, 0x03d50000, 0x08d50000)
  eden space 4416K,   0% used [0x03800000, 0x03800000, 0x03c50000)
  from space 512K,  50% used [0x03c50000, 0x03c90150, 0x03cd0000)
  to   space 512K,   0% used [0x03cd0000, 0x03cd0000, 0x03d50000)
 tenured generation   total 10944K, used 2900K [0x08d50000, 0x09800000, 0x13800000)
   the space 10944K,  26% used [0x08d50000, 0x090250f8, 0x09025200, 0x09800000)
 Metaspace       used 8372K, capacity 8881K, committed 8960K, reserved 9600K
}
Event: 4.134 GC heap before
{Heap before GC invocations=6 (full 0):
 def new generation   total 4928K, used 4672K [0x03800000, 0x03d50000, 0x08d50000)
  eden space 4416K, 100% used [0x03800000, 0x03c50000, 0x03c50000)
  from space 512K,  50% used [0x03c50000, 0x03c90150, 0x03cd0000)
  to   space 512K,   0% used [0x03cd0000, 0x03cd0000, 0x03d50000)
 tenured generation   total 10944K, used 2900K [0x08d50000, 0x09800000, 0x13800000)
   the space 10944K,  26% used [0x08d50000, 0x090250f8, 0x09025200, 0x09800000)
 Metaspace       used 8601K, capacity 9120K, committed 9216K, reserved 9600K
Event: 4.140 GC heap after
Heap after GC invocations=7 (full 0):
 def new generation   total 4928K, used 98K [0x03800000, 0x03d50000, 0x08d50000)
  eden space 4416K,   0% used [0x03800000, 0x03800000, 0x03c50000)
  from space 512K,  19% used [0x03cd0000, 0x03ce8a48, 0x03d50000)
  to   space 512K,   0% used [0x03c50000, 0x03c50000, 0x03cd0000)
 tenured generation   total 10944K, used 6206K [0x08d50000, 0x09800000, 0x13800000)
   the space 10944K,  56% used [0x08d50000, 0x0935f8d0, 0x0935fa00, 0x09800000)
 Metaspace       used 8601K, capacity 9120K, committed 9216K, reserved 9600K
}
Event: 18.376 GC heap before
{Heap before GC invocations=7 (full 0):
 def new generation   total 4928K, used 4514K [0x03800000, 0x03d50000, 0x08d50000)
  eden space 4416K, 100% used [0x03800000, 0x03c50000, 0x03c50000)
  from space 512K,  19% used [0x03cd0000, 0x03ce8a48, 0x03d50000)
  to   space 512K,   0% used [0x03c50000, 0x03c50000, 0x03cd0000)
 tenured generation   total 10944K, used 6206K [0x08d50000, 0x09800000, 0x13800000)
   the space 10944K,  56% used [0x08d50000, 0x0935f8d0, 0x0935fa00, 0x09800000)
 Metaspace       used 8965K, capacity 9544K, committed 9600K, reserved 9600K
Event: 18.379 GC heap after
Heap after GC invocations=8 (full 0):
 def new generation   total 4928K, used 512K [0x03800000, 0x03d50000, 0x08d50000)
  eden space 4416K,   0% used [0x03800000, 0x03800000, 0x03c50000)
  from space 512K, 100% used [0x03c50000, 0x03cd0000, 0x03cd0000)
  to   space 512K,   0% used [0x03cd0000, 0x03cd0000, 0x03d50000)
 tenured generation   total 10944K, used 6397K [0x08d50000, 0x09800000, 0x13800000)
   the space 10944K,  58% used [0x08d50000, 0x0938f6e0, 0x0938f800, 0x09800000)
 Metaspace       used 8965K, capacity 9544K, committed 9600K, reserved 9600K
}
Event: 46.103 GC heap before
{Heap before GC invocations=8 (full 0):
 def new generation   total 4928K, used 4928K [0x03800000, 0x03d50000, 0x08d50000)
  eden space 4416K, 100% used [0x03800000, 0x03c50000, 0x03c50000)
  from space 512K, 100% used [0x03c50000, 0x03cd0000, 0x03cd0000)
  to   space 512K,   0% used [0x03cd0000, 0x03cd0000, 0x03d50000)
 tenured generation   total 10944K, used 6397K [0x08d50000, 0x09800000, 0x13800000)
   the space 10944K,  58% used [0x08d50000, 0x0938f6e0, 0x0938f800, 0x09800000)
 Metaspace       used 8966K, capacity 9544K, committed 9600K, reserved 9600K
Event: 46.107 GC heap after
Heap after GC invocations=9 (full 0):
 def new generation   total 4928K, used 155K [0x03800000, 0x03d50000, 0x08d50000)
  eden space 4416K,   0% used [0x03800000, 0x03800000, 0x03c50000)
  from space 512K,  30% used [0x03cd0000, 0x03cf6ef0, 0x03d50000)
  to   space 512K,   0% used [0x03c50000, 0x03c50000, 0x03cd0000)
 tenured generation   total 10944K, used 6895K [0x08d50000, 0x09800000, 0x13800000)
   the space 10944K,  63% used [0x08d50000, 0x0940bd50, 0x0940be00, 0x09800000)
 Metaspace       used 8966K, capacity 9544K, committed 9600K, reserved 9600K
}

